<?xml version="1.0" encoding="UTF-8"?>
<testsuite xmlns:xsi="http://www.w3.org/2001/XMLSchema-instance" xsi:noNamespaceSchemaLocation="https://maven.apache.org/surefire/maven-surefire-plugin/xsd/surefire-test-report.xsd" version="3.0.2" name="com.flash.editorimagem.UsuarioControllerIntegrationTest" time="6.927" tests="2" errors="0" skipped="0" failures="0">
  <properties>
    <property name="java.specification.version" value="22"/>
    <property name="sun.cpu.isalist" value="amd64"/>
    <property name="sun.jnu.encoding" value="Cp1252"/>
    <property name="java.class.path" value="C:\Users\Pedro Haupt\Documents\Flash\editorimagem\Flash-1\target\test-classes;C:\Users\Pedro Haupt\Documents\Flash\editorimagem\Flash-1\target\classes;C:\Users\Pedro Haupt\.m2\repository\org\springframework\boot\spring-boot-starter-web\3.5.0-SNAPSHOT\spring-boot-starter-web-3.5.0-SNAPSHOT.jar;C:\Users\Pedro Haupt\.m2\repository\org\springframework\boot\spring-boot-starter\3.5.0-SNAPSHOT\spring-boot-starter-3.5.0-SNAPSHOT.jar;C:\Users\Pedro Haupt\.m2\repository\org\springframework\boot\spring-boot-starter-logging\3.5.0-SNAPSHOT\spring-boot-starter-logging-3.5.0-SNAPSHOT.jar;C:\Users\Pedro Haupt\.m2\repository\ch\qos\logback\logback-classic\1.5.18\logback-classic-1.5.18.jar;C:\Users\Pedro Haupt\.m2\repository\ch\qos\logback\logback-core\1.5.18\logback-core-1.5.18.jar;C:\Users\Pedro Haupt\.m2\repository\org\apache\logging\log4j\log4j-to-slf4j\2.24.3\log4j-to-slf4j-2.24.3.jar;C:\Users\Pedro Haupt\.m2\repository\org\apache\logging\log4j\log4j-api\2.24.3\log4j-api-2.24.3.jar;C:\Users\Pedro Haupt\.m2\repository\org\slf4j\jul-to-slf4j\2.0.17\jul-to-slf4j-2.0.17.jar;C:\Users\Pedro Haupt\.m2\repository\jakarta\annotation\jakarta.annotation-api\2.1.1\jakarta.annotation-api-2.1.1.jar;C:\Users\Pedro Haupt\.m2\repository\org\yaml\snakeyaml\2.4\snakeyaml-2.4.jar;C:\Users\Pedro Haupt\.m2\repository\org\springframework\boot\spring-boot-starter-json\3.5.0-SNAPSHOT\spring-boot-starter-json-3.5.0-SNAPSHOT.jar;C:\Users\Pedro Haupt\.m2\repository\com\fasterxml\jackson\core\jackson-databind\2.19.0\jackson-databind-2.19.0.jar;C:\Users\Pedro Haupt\.m2\repository\com\fasterxml\jackson\core\jackson-annotations\2.19.0\jackson-annotations-2.19.0.jar;C:\Users\Pedro Haupt\.m2\repository\com\fasterxml\jackson\core\jackson-core\2.19.0\jackson-core-2.19.0.jar;C:\Users\Pedro Haupt\.m2\repository\com\fasterxml\jackson\datatype\jackson-datatype-jdk8\2.19.0\jackson-datatype-jdk8-2.19.0.jar;C:\Users\Pedro Haupt\.m2\repository\com\fasterxml\jackson\datatype\jackson-datatype-jsr310\2.19.0\jackson-datatype-jsr310-2.19.0.jar;C:\Users\Pedro Haupt\.m2\repository\com\fasterxml\jackson\module\jackson-module-parameter-names\2.19.0\jackson-module-parameter-names-2.19.0.jar;C:\Users\Pedro Haupt\.m2\repository\org\springframework\boot\spring-boot-starter-tomcat\3.5.0-SNAPSHOT\spring-boot-starter-tomcat-3.5.0-SNAPSHOT.jar;C:\Users\Pedro Haupt\.m2\repository\org\apache\tomcat\embed\tomcat-embed-core\10.1.41\tomcat-embed-core-10.1.41.jar;C:\Users\Pedro Haupt\.m2\repository\org\apache\tomcat\embed\tomcat-embed-el\10.1.41\tomcat-embed-el-10.1.41.jar;C:\Users\Pedro Haupt\.m2\repository\org\apache\tomcat\embed\tomcat-embed-websocket\10.1.41\tomcat-embed-websocket-10.1.41.jar;C:\Users\Pedro Haupt\.m2\repository\org\springframework\spring-web\6.2.7\spring-web-6.2.7.jar;C:\Users\Pedro Haupt\.m2\repository\org\springframework\spring-beans\6.2.7\spring-beans-6.2.7.jar;C:\Users\Pedro Haupt\.m2\repository\io\micrometer\micrometer-observation\1.15.0\micrometer-observation-1.15.0.jar;C:\Users\Pedro Haupt\.m2\repository\io\micrometer\micrometer-commons\1.15.0\micrometer-commons-1.15.0.jar;C:\Users\Pedro Haupt\.m2\repository\org\springframework\spring-webmvc\6.2.7\spring-webmvc-6.2.7.jar;C:\Users\Pedro Haupt\.m2\repository\org\springframework\spring-aop\6.2.7\spring-aop-6.2.7.jar;C:\Users\Pedro Haupt\.m2\repository\org\springframework\spring-context\6.2.7\spring-context-6.2.7.jar;C:\Users\Pedro Haupt\.m2\repository\org\springframework\spring-expression\6.2.7\spring-expression-6.2.7.jar;C:\Users\Pedro Haupt\.m2\repository\org\springframework\boot\spring-boot-devtools\3.5.0-SNAPSHOT\spring-boot-devtools-3.5.0-SNAPSHOT.jar;C:\Users\Pedro Haupt\.m2\repository\org\springframework\boot\spring-boot\3.5.0-SNAPSHOT\spring-boot-3.5.0-SNAPSHOT.jar;C:\Users\Pedro Haupt\.m2\repository\org\springframework\boot\spring-boot-autoconfigure\3.5.0-SNAPSHOT\spring-boot-autoconfigure-3.5.0-SNAPSHOT.jar;C:\Users\Pedro Haupt\.m2\repository\org\springframework\boot\spring-boot-starter-test\3.5.0-SNAPSHOT\spring-boot-starter-test-3.5.0-SNAPSHOT.jar;C:\Users\Pedro Haupt\.m2\repository\org\springframework\boot\spring-boot-test\3.5.0-SNAPSHOT\spring-boot-test-3.5.0-SNAPSHOT.jar;C:\Users\Pedro Haupt\.m2\repository\org\springframework\boot\spring-boot-test-autoconfigure\3.5.0-SNAPSHOT\spring-boot-test-autoconfigure-3.5.0-SNAPSHOT.jar;C:\Users\Pedro Haupt\.m2\repository\com\jayway\jsonpath\json-path\2.9.0\json-path-2.9.0.jar;C:\Users\Pedro Haupt\.m2\repository\org\slf4j\slf4j-api\2.0.17\slf4j-api-2.0.17.jar;C:\Users\Pedro Haupt\.m2\repository\jakarta\xml\bind\jakarta.xml.bind-api\4.0.2\jakarta.xml.bind-api-4.0.2.jar;C:\Users\Pedro Haupt\.m2\repository\jakarta\activation\jakarta.activation-api\2.1.3\jakarta.activation-api-2.1.3.jar;C:\Users\Pedro Haupt\.m2\repository\net\minidev\json-smart\2.5.2\json-smart-2.5.2.jar;C:\Users\Pedro Haupt\.m2\repository\net\minidev\accessors-smart\2.5.2\accessors-smart-2.5.2.jar;C:\Users\Pedro Haupt\.m2\repository\org\ow2\asm\asm\9.7.1\asm-9.7.1.jar;C:\Users\Pedro Haupt\.m2\repository\org\assertj\assertj-core\3.27.3\assertj-core-3.27.3.jar;C:\Users\Pedro Haupt\.m2\repository\net\bytebuddy\byte-buddy\1.17.5\byte-buddy-1.17.5.jar;C:\Users\Pedro Haupt\.m2\repository\org\awaitility\awaitility\4.3.0\awaitility-4.3.0.jar;C:\Users\Pedro Haupt\.m2\repository\org\hamcrest\hamcrest\3.0\hamcrest-3.0.jar;C:\Users\Pedro Haupt\.m2\repository\org\junit\jupiter\junit-jupiter\5.12.2\junit-jupiter-5.12.2.jar;C:\Users\Pedro Haupt\.m2\repository\org\junit\jupiter\junit-jupiter-api\5.12.2\junit-jupiter-api-5.12.2.jar;C:\Users\Pedro Haupt\.m2\repository\org\opentest4j\opentest4j\1.3.0\opentest4j-1.3.0.jar;C:\Users\Pedro Haupt\.m2\repository\org\junit\platform\junit-platform-commons\1.12.2\junit-platform-commons-1.12.2.jar;C:\Users\Pedro Haupt\.m2\repository\org\apiguardian\apiguardian-api\1.1.2\apiguardian-api-1.1.2.jar;C:\Users\Pedro Haupt\.m2\repository\org\junit\jupiter\junit-jupiter-params\5.12.2\junit-jupiter-params-5.12.2.jar;C:\Users\Pedro Haupt\.m2\repository\org\junit\jupiter\junit-jupiter-engine\5.12.2\junit-jupiter-engine-5.12.2.jar;C:\Users\Pedro Haupt\.m2\repository\org\junit\platform\junit-platform-engine\1.12.2\junit-platform-engine-1.12.2.jar;C:\Users\Pedro Haupt\.m2\repository\org\mockito\mockito-core\5.17.0\mockito-core-5.17.0.jar;C:\Users\Pedro Haupt\.m2\repository\net\bytebuddy\byte-buddy-agent\1.17.5\byte-buddy-agent-1.17.5.jar;C:\Users\Pedro Haupt\.m2\repository\org\objenesis\objenesis\3.3\objenesis-3.3.jar;C:\Users\Pedro Haupt\.m2\repository\org\mockito\mockito-junit-jupiter\5.17.0\mockito-junit-jupiter-5.17.0.jar;C:\Users\Pedro Haupt\.m2\repository\org\skyscreamer\jsonassert\1.5.3\jsonassert-1.5.3.jar;C:\Users\Pedro Haupt\.m2\repository\com\vaadin\external\google\android-json\0.0.20131108.vaadin1\android-json-0.0.20131108.vaadin1.jar;C:\Users\Pedro Haupt\.m2\repository\org\springframework\spring-core\6.2.7\spring-core-6.2.7.jar;C:\Users\Pedro Haupt\.m2\repository\org\springframework\spring-jcl\6.2.7\spring-jcl-6.2.7.jar;C:\Users\Pedro Haupt\.m2\repository\org\springframework\spring-test\6.2.7\spring-test-6.2.7.jar;C:\Users\Pedro Haupt\.m2\repository\org\xmlunit\xmlunit-core\2.10.1\xmlunit-core-2.10.1.jar;C:\Users\Pedro Haupt\.m2\repository\org\springframework\boot\spring-boot-starter-jdbc\3.5.0-SNAPSHOT\spring-boot-starter-jdbc-3.5.0-SNAPSHOT.jar;C:\Users\Pedro Haupt\.m2\repository\com\zaxxer\HikariCP\6.3.0\HikariCP-6.3.0.jar;C:\Users\Pedro Haupt\.m2\repository\org\springframework\spring-jdbc\6.2.7\spring-jdbc-6.2.7.jar;C:\Users\Pedro Haupt\.m2\repository\org\springframework\spring-tx\6.2.7\spring-tx-6.2.7.jar;C:\Users\Pedro Haupt\.m2\repository\mysql\mysql-connector-java\8.0.26\mysql-connector-java-8.0.26.jar;C:\Users\Pedro Haupt\.m2\repository\com\google\protobuf\protobuf-java\3.11.4\protobuf-java-3.11.4.jar;"/>
    <property name="java.vm.vendor" value="Oracle Corporation"/>
    <property name="sun.arch.data.model" value="64"/>
    <property name="user.variant" value=""/>
    <property name="java.vendor.url" value="https://java.oracle.com/"/>
    <property name="catalina.useNaming" value="false"/>
    <property name="user.timezone" value="America/Sao_Paulo"/>
    <property name="os.name" value="Windows 11"/>
    <property name="java.vm.specification.version" value="22"/>
    <property name="sun.java.launcher" value="SUN_STANDARD"/>
    <property name="user.country" value="BR"/>
    <property name="sun.boot.library.path" value="C:\Program Files\Java\jdk-22\bin"/>
    <property name="sun.java.command" value="C:\Users\Pedro Haupt\AppData\Local\Temp\surefire15498339641269829006\surefirebooter-20250703223651738_3.jar C:\Users\Pedro Haupt\AppData\Local\Temp\surefire15498339641269829006 2025-07-03T22-36-51_617-jvmRun1 surefire-20250703223651738_1tmp surefire_0-20250703223651738_2tmp"/>
    <property name="jdk.debug" value="release"/>
    <property name="surefire.test.class.path" value="C:\Users\Pedro Haupt\Documents\Flash\editorimagem\Flash-1\target\test-classes;C:\Users\Pedro Haupt\Documents\Flash\editorimagem\Flash-1\target\classes;C:\Users\Pedro Haupt\.m2\repository\org\springframework\boot\spring-boot-starter-web\3.5.0-SNAPSHOT\spring-boot-starter-web-3.5.0-SNAPSHOT.jar;C:\Users\Pedro Haupt\.m2\repository\org\springframework\boot\spring-boot-starter\3.5.0-SNAPSHOT\spring-boot-starter-3.5.0-SNAPSHOT.jar;C:\Users\Pedro Haupt\.m2\repository\org\springframework\boot\spring-boot-starter-logging\3.5.0-SNAPSHOT\spring-boot-starter-logging-3.5.0-SNAPSHOT.jar;C:\Users\Pedro Haupt\.m2\repository\ch\qos\logback\logback-classic\1.5.18\logback-classic-1.5.18.jar;C:\Users\Pedro Haupt\.m2\repository\ch\qos\logback\logback-core\1.5.18\logback-core-1.5.18.jar;C:\Users\Pedro Haupt\.m2\repository\org\apache\logging\log4j\log4j-to-slf4j\2.24.3\log4j-to-slf4j-2.24.3.jar;C:\Users\Pedro Haupt\.m2\repository\org\apache\logging\log4j\log4j-api\2.24.3\log4j-api-2.24.3.jar;C:\Users\Pedro Haupt\.m2\repository\org\slf4j\jul-to-slf4j\2.0.17\jul-to-slf4j-2.0.17.jar;C:\Users\Pedro Haupt\.m2\repository\jakarta\annotation\jakarta.annotation-api\2.1.1\jakarta.annotation-api-2.1.1.jar;C:\Users\Pedro Haupt\.m2\repository\org\yaml\snakeyaml\2.4\snakeyaml-2.4.jar;C:\Users\Pedro Haupt\.m2\repository\org\springframework\boot\spring-boot-starter-json\3.5.0-SNAPSHOT\spring-boot-starter-json-3.5.0-SNAPSHOT.jar;C:\Users\Pedro Haupt\.m2\repository\com\fasterxml\jackson\core\jackson-databind\2.19.0\jackson-databind-2.19.0.jar;C:\Users\Pedro Haupt\.m2\repository\com\fasterxml\jackson\core\jackson-annotations\2.19.0\jackson-annotations-2.19.0.jar;C:\Users\Pedro Haupt\.m2\repository\com\fasterxml\jackson\core\jackson-core\2.19.0\jackson-core-2.19.0.jar;C:\Users\Pedro Haupt\.m2\repository\com\fasterxml\jackson\datatype\jackson-datatype-jdk8\2.19.0\jackson-datatype-jdk8-2.19.0.jar;C:\Users\Pedro Haupt\.m2\repository\com\fasterxml\jackson\datatype\jackson-datatype-jsr310\2.19.0\jackson-datatype-jsr310-2.19.0.jar;C:\Users\Pedro Haupt\.m2\repository\com\fasterxml\jackson\module\jackson-module-parameter-names\2.19.0\jackson-module-parameter-names-2.19.0.jar;C:\Users\Pedro Haupt\.m2\repository\org\springframework\boot\spring-boot-starter-tomcat\3.5.0-SNAPSHOT\spring-boot-starter-tomcat-3.5.0-SNAPSHOT.jar;C:\Users\Pedro Haupt\.m2\repository\org\apache\tomcat\embed\tomcat-embed-core\10.1.41\tomcat-embed-core-10.1.41.jar;C:\Users\Pedro Haupt\.m2\repository\org\apache\tomcat\embed\tomcat-embed-el\10.1.41\tomcat-embed-el-10.1.41.jar;C:\Users\Pedro Haupt\.m2\repository\org\apache\tomcat\embed\tomcat-embed-websocket\10.1.41\tomcat-embed-websocket-10.1.41.jar;C:\Users\Pedro Haupt\.m2\repository\org\springframework\spring-web\6.2.7\spring-web-6.2.7.jar;C:\Users\Pedro Haupt\.m2\repository\org\springframework\spring-beans\6.2.7\spring-beans-6.2.7.jar;C:\Users\Pedro Haupt\.m2\repository\io\micrometer\micrometer-observation\1.15.0\micrometer-observation-1.15.0.jar;C:\Users\Pedro Haupt\.m2\repository\io\micrometer\micrometer-commons\1.15.0\micrometer-commons-1.15.0.jar;C:\Users\Pedro Haupt\.m2\repository\org\springframework\spring-webmvc\6.2.7\spring-webmvc-6.2.7.jar;C:\Users\Pedro Haupt\.m2\repository\org\springframework\spring-aop\6.2.7\spring-aop-6.2.7.jar;C:\Users\Pedro Haupt\.m2\repository\org\springframework\spring-context\6.2.7\spring-context-6.2.7.jar;C:\Users\Pedro Haupt\.m2\repository\org\springframework\spring-expression\6.2.7\spring-expression-6.2.7.jar;C:\Users\Pedro Haupt\.m2\repository\org\springframework\boot\spring-boot-devtools\3.5.0-SNAPSHOT\spring-boot-devtools-3.5.0-SNAPSHOT.jar;C:\Users\Pedro Haupt\.m2\repository\org\springframework\boot\spring-boot\3.5.0-SNAPSHOT\spring-boot-3.5.0-SNAPSHOT.jar;C:\Users\Pedro Haupt\.m2\repository\org\springframework\boot\spring-boot-autoconfigure\3.5.0-SNAPSHOT\spring-boot-autoconfigure-3.5.0-SNAPSHOT.jar;C:\Users\Pedro Haupt\.m2\repository\org\springframework\boot\spring-boot-starter-test\3.5.0-SNAPSHOT\spring-boot-starter-test-3.5.0-SNAPSHOT.jar;C:\Users\Pedro Haupt\.m2\repository\org\springframework\boot\spring-boot-test\3.5.0-SNAPSHOT\spring-boot-test-3.5.0-SNAPSHOT.jar;C:\Users\Pedro Haupt\.m2\repository\org\springframework\boot\spring-boot-test-autoconfigure\3.5.0-SNAPSHOT\spring-boot-test-autoconfigure-3.5.0-SNAPSHOT.jar;C:\Users\Pedro Haupt\.m2\repository\com\jayway\jsonpath\json-path\2.9.0\json-path-2.9.0.jar;C:\Users\Pedro Haupt\.m2\repository\org\slf4j\slf4j-api\2.0.17\slf4j-api-2.0.17.jar;C:\Users\Pedro Haupt\.m2\repository\jakarta\xml\bind\jakarta.xml.bind-api\4.0.2\jakarta.xml.bind-api-4.0.2.jar;C:\Users\Pedro Haupt\.m2\repository\jakarta\activation\jakarta.activation-api\2.1.3\jakarta.activation-api-2.1.3.jar;C:\Users\Pedro Haupt\.m2\repository\net\minidev\json-smart\2.5.2\json-smart-2.5.2.jar;C:\Users\Pedro Haupt\.m2\repository\net\minidev\accessors-smart\2.5.2\accessors-smart-2.5.2.jar;C:\Users\Pedro Haupt\.m2\repository\org\ow2\asm\asm\9.7.1\asm-9.7.1.jar;C:\Users\Pedro Haupt\.m2\repository\org\assertj\assertj-core\3.27.3\assertj-core-3.27.3.jar;C:\Users\Pedro Haupt\.m2\repository\net\bytebuddy\byte-buddy\1.17.5\byte-buddy-1.17.5.jar;C:\Users\Pedro Haupt\.m2\repository\org\awaitility\awaitility\4.3.0\awaitility-4.3.0.jar;C:\Users\Pedro Haupt\.m2\repository\org\hamcrest\hamcrest\3.0\hamcrest-3.0.jar;C:\Users\Pedro Haupt\.m2\repository\org\junit\jupiter\junit-jupiter\5.12.2\junit-jupiter-5.12.2.jar;C:\Users\Pedro Haupt\.m2\repository\org\junit\jupiter\junit-jupiter-api\5.12.2\junit-jupiter-api-5.12.2.jar;C:\Users\Pedro Haupt\.m2\repository\org\opentest4j\opentest4j\1.3.0\opentest4j-1.3.0.jar;C:\Users\Pedro Haupt\.m2\repository\org\junit\platform\junit-platform-commons\1.12.2\junit-platform-commons-1.12.2.jar;C:\Users\Pedro Haupt\.m2\repository\org\apiguardian\apiguardian-api\1.1.2\apiguardian-api-1.1.2.jar;C:\Users\Pedro Haupt\.m2\repository\org\junit\jupiter\junit-jupiter-params\5.12.2\junit-jupiter-params-5.12.2.jar;C:\Users\Pedro Haupt\.m2\repository\org\junit\jupiter\junit-jupiter-engine\5.12.2\junit-jupiter-engine-5.12.2.jar;C:\Users\Pedro Haupt\.m2\repository\org\junit\platform\junit-platform-engine\1.12.2\junit-platform-engine-1.12.2.jar;C:\Users\Pedro Haupt\.m2\repository\org\mockito\mockito-core\5.17.0\mockito-core-5.17.0.jar;C:\Users\Pedro Haupt\.m2\repository\net\bytebuddy\byte-buddy-agent\1.17.5\byte-buddy-agent-1.17.5.jar;C:\Users\Pedro Haupt\.m2\repository\org\objenesis\objenesis\3.3\objenesis-3.3.jar;C:\Users\Pedro Haupt\.m2\repository\org\mockito\mockito-junit-jupiter\5.17.0\mockito-junit-jupiter-5.17.0.jar;C:\Users\Pedro Haupt\.m2\repository\org\skyscreamer\jsonassert\1.5.3\jsonassert-1.5.3.jar;C:\Users\Pedro Haupt\.m2\repository\com\vaadin\external\google\android-json\0.0.20131108.vaadin1\android-json-0.0.20131108.vaadin1.jar;C:\Users\Pedro Haupt\.m2\repository\org\springframework\spring-core\6.2.7\spring-core-6.2.7.jar;C:\Users\Pedro Haupt\.m2\repository\org\springframework\spring-jcl\6.2.7\spring-jcl-6.2.7.jar;C:\Users\Pedro Haupt\.m2\repository\org\springframework\spring-test\6.2.7\spring-test-6.2.7.jar;C:\Users\Pedro Haupt\.m2\repository\org\xmlunit\xmlunit-core\2.10.1\xmlunit-core-2.10.1.jar;C:\Users\Pedro Haupt\.m2\repository\org\springframework\boot\spring-boot-starter-jdbc\3.5.0-SNAPSHOT\spring-boot-starter-jdbc-3.5.0-SNAPSHOT.jar;C:\Users\Pedro Haupt\.m2\repository\com\zaxxer\HikariCP\6.3.0\HikariCP-6.3.0.jar;C:\Users\Pedro Haupt\.m2\repository\org\springframework\spring-jdbc\6.2.7\spring-jdbc-6.2.7.jar;C:\Users\Pedro Haupt\.m2\repository\org\springframework\spring-tx\6.2.7\spring-tx-6.2.7.jar;C:\Users\Pedro Haupt\.m2\repository\mysql\mysql-connector-java\8.0.26\mysql-connector-java-8.0.26.jar;C:\Users\Pedro Haupt\.m2\repository\com\google\protobuf\protobuf-java\3.11.4\protobuf-java-3.11.4.jar;"/>
    <property name="sun.cpu.endian" value="little"/>
    <property name="user.home" value="C:\Users\Pedro Haupt"/>
    <property name="user.language" value="pt"/>
    <property name="java.specification.vendor" value="Oracle Corporation"/>
    <property name="java.version.date" value="2024-07-16"/>
    <property name="java.home" value="C:\Program Files\Java\jdk-22"/>
    <property name="file.separator" value="\"/>
    <property name="basedir" value="C:\Users\Pedro Haupt\Documents\Flash\editorimagem\Flash-1"/>
    <property name="java.vm.compressedOopsMode" value="32-bit"/>
    <property name="line.separator" value="&#10;"/>
    <property name="java.vm.specification.vendor" value="Oracle Corporation"/>
    <property name="java.specification.name" value="Java Platform API Specification"/>
    <property name="FILE_LOG_CHARSET" value="UTF-8"/>
    <property name="java.awt.headless" value="true"/>
    <property name="surefire.real.class.path" value="C:\Users\Pedro Haupt\AppData\Local\Temp\surefire15498339641269829006\surefirebooter-20250703223651738_3.jar"/>
    <property name="user.script" value=""/>
    <property name="sun.management.compiler" value="HotSpot 64-Bit Tiered Compilers"/>
    <property name="java.runtime.version" value="22.0.2+9-70"/>
    <property name="user.name" value="Pedro Haupt"/>
    <property name="stdout.encoding" value="Cp1252"/>
    <property name="path.separator" value=";"/>
    <property name="os.version" value="10.0"/>
    <property name="java.runtime.name" value="Java(TM) SE Runtime Environment"/>
    <property name="file.encoding" value="UTF-8"/>
    <property name="java.vm.name" value="Java HotSpot(TM) 64-Bit Server VM"/>
    <property name="localRepository" value="C:\Users\Pedro Haupt\.m2\repository"/>
    <property name="java.vendor.url.bug" value="https://bugreport.java.com/bugreport/"/>
    <property name="java.io.tmpdir" value="C:\Users\PEDROH~1\AppData\Local\Temp\"/>
    <property name="catalina.home" value="C:\Users\Pedro Haupt\AppData\Local\Temp\tomcat.0.10368495315930749299"/>
    <property name="com.zaxxer.hikari.pool_number" value="1"/>
    <property name="java.version" value="22.0.2"/>
    <property name="user.dir" value="C:\Users\Pedro Haupt\Documents\Flash\editorimagem\Flash-1"/>
    <property name="os.arch" value="amd64"/>
    <property name="java.vm.specification.name" value="Java Virtual Machine Specification"/>
    <property name="PID" value="27248"/>
    <property name="sun.os.patch.level" value=""/>
    <property name="CONSOLE_LOG_CHARSET" value="windows-1252"/>
    <property name="catalina.base" value="C:\Users\Pedro Haupt\AppData\Local\Temp\tomcat.0.10368495315930749299"/>
    <property name="native.encoding" value="Cp1252"/>
    <property name="java.library.path" value="C:\Program Files\Java\jdk-22\bin;C:\WINDOWS\Sun\Java\bin;C:\WINDOWS\system32;C:\WINDOWS;C:\Python313\Scripts\;C:\Python313\;C:\Program Files\Common Files\Oracle\Java\javapath;C:\WINDOWS\system32;C:\WINDOWS;C:\WINDOWS\System32\Wbem;C:\WINDOWS\System32\WindowsPowerShell\v1.0\;C:\WINDOWS\System32\OpenSSH\;C:\Program Files\NVIDIA Corporation\NVIDIA NvDLISR;C:\Program Files (x86)\NVIDIA Corporation\PhysX\Common;C:\Program Files\Microsoft SQL Server\150\Tools\Binn\;C:\Program Files\dotnet\;C:\Program Files\Git\cmd;C:\Program Files\nodejs\;C:\ProgramData\chocolatey\bin;C:\Users\Pedro Haupt\AppData\Local\Microsoft\WindowsApps;C:\Users\Pedro Haupt\AppData\Local\Programs\Microsoft VS Code\bin;C:\MinGW\bin;C:\Users\Pedro Haupt\.dotnet\tools;C:\Users\Pedro Haupt\AppData\Roaming\npm;C:\Program Files\nodejs\;C:\Program Files\Apache\Maven\apache-maven-3.9.9\bin;;c:\Users\Pedro Haupt\.vscode\extensions\ms-python.debugpy-2025.8.0-win32-x64\bundled\scripts\noConfigScripts;."/>
    <property name="java.vm.info" value="mixed mode, sharing"/>
    <property name="stderr.encoding" value="Cp1252"/>
    <property name="java.vendor" value="Oracle Corporation"/>
    <property name="java.vm.version" value="22.0.2+9-70"/>
    <property name="sun.io.unicode.encoding" value="UnicodeLittle"/>
    <property name="java.class.version" value="66.0"/>
  </properties>
  <testcase name="deveFazerLoginComUsuarioValido" classname="com.flash.editorimagem.UsuarioControllerIntegrationTest" time="3.117">
    <system-out><![CDATA[22:36:52.778 [main] INFO org.springframework.test.context.support.AnnotationConfigContextLoaderUtils -- Could not detect default configuration classes for test class [com.flash.editorimagem.UsuarioControllerIntegrationTest]: UsuarioControllerIntegrationTest does not declare any static, non-private, non-final, nested classes annotated with @Configuration.
22:36:52.916 [main] INFO org.springframework.boot.test.context.SpringBootTestContextBootstrapper -- Found @SpringBootConfiguration com.flash.editorimagem.EditorimagemApplication for test class com.flash.editorimagem.UsuarioControllerIntegrationTest
22:36:53.418 [main] INFO org.springframework.boot.devtools.restart.RestartApplicationListener -- Restart disabled due to context in which it is running

  .   ____          _            __ _ _
 /\\ / ___'_ __ _ _(_)_ __  __ _ \ \ \ \
( ( )\___ | '_ | '_| | '_ \/ _` | \ \ \ \
 \\/  ___)| |_)| | | | | || (_| |  ) ) ) )
  '  |____| .__|_| |_|_| |_\__, | / / / /
 =========|_|==============|___/=/_/_/_/

 :: Spring Boot ::       (v3.5.0-SNAPSHOT)

2025-07-03T22:36:53.935-03:00  INFO 27248 --- [           main] c.f.e.UsuarioControllerIntegrationTest   : Starting UsuarioControllerIntegrationTest using Java 22.0.2 with PID 27248 (started by Pedro Haupt in C:\Users\Pedro Haupt\Documents\Flash\editorimagem\Flash-1)
2025-07-03T22:36:53.936-03:00  INFO 27248 --- [           main] c.f.e.UsuarioControllerIntegrationTest   : No active profile set, falling back to 1 default profile: "default"
2025-07-03T22:36:55.417-03:00  INFO 27248 --- [           main] o.s.b.w.embedded.tomcat.TomcatWebServer  : Tomcat initialized with port 0 (http)
2025-07-03T22:36:55.436-03:00  INFO 27248 --- [           main] o.apache.catalina.core.StandardService   : Starting service [Tomcat]
2025-07-03T22:36:55.437-03:00  INFO 27248 --- [           main] o.apache.catalina.core.StandardEngine    : Starting Servlet engine: [Apache Tomcat/10.1.41]
2025-07-03T22:36:55.499-03:00  INFO 27248 --- [           main] o.a.c.c.C.[Tomcat].[localhost].[/]       : Initializing Spring embedded WebApplicationContext
2025-07-03T22:36:55.502-03:00  INFO 27248 --- [           main] w.s.c.ServletWebServerApplicationContext : Root WebApplicationContext: initialization completed in 1538 ms
2025-07-03T22:36:55.726-03:00  INFO 27248 --- [           main] o.s.b.a.w.s.WelcomePageHandlerMapping    : Adding welcome page: class path resource [static/index.html]
2025-07-03T22:36:56.237-03:00  INFO 27248 --- [           main] o.s.b.w.embedded.tomcat.TomcatWebServer  : Tomcat started on port 65189 (http) with context path '/'
2025-07-03T22:36:56.246-03:00  INFO 27248 --- [           main] c.f.e.UsuarioControllerIntegrationTest   : Started UsuarioControllerIntegrationTest in 2.841 seconds (process running for 4.371)
2025-07-03T22:36:57.261-03:00  INFO 27248 --- [o-auto-1-exec-1] o.a.c.c.C.[Tomcat].[localhost].[/]       : Initializing Spring DispatcherServlet 'dispatcherServlet'
2025-07-03T22:36:57.262-03:00  INFO 27248 --- [o-auto-1-exec-1] o.s.web.servlet.DispatcherServlet        : Initializing Servlet 'dispatcherServlet'
2025-07-03T22:36:57.262-03:00  INFO 27248 --- [o-auto-1-exec-1] o.s.web.servlet.DispatcherServlet        : Completed initialization in 0 ms
2025-07-03T22:36:57.397-03:00  INFO 27248 --- [o-auto-1-exec-1] com.zaxxer.hikari.HikariDataSource       : HikariPool-1 - Starting...
2025-07-03T22:36:58.939-03:00  INFO 27248 --- [o-auto-1-exec-1] com.zaxxer.hikari.pool.HikariPool        : HikariPool-1 - Added connection com.mysql.cj.jdbc.ConnectionImpl@78cc8f03
2025-07-03T22:36:58.944-03:00  INFO 27248 --- [o-auto-1-exec-1] com.zaxxer.hikari.HikariDataSource       : HikariPool-1 - Start completed.
]]></system-out>
    <system-err><![CDATA[Mockito is currently self-attaching to enable the inline-mock-maker. This will no longer work in future releases of the JDK. Please add Mockito as an agent to your build as described in Mockito's documentation: https://javadoc.io/doc/org.mockito/mockito-core/latest/org.mockito/org/mockito/Mockito.html#0.3
WARNING: A Java agent has been loaded dynamically (C:\Users\Pedro Haupt\.m2\repository\net\bytebuddy\byte-buddy-agent\1.17.5\byte-buddy-agent-1.17.5.jar)
WARNING: If a serviceability tool is in use, please run with -XX:+EnableDynamicAgentLoading to hide this warning
WARNING: If a serviceability tool is not in use, please run with -Djdk.instrument.traceUsage for more information
WARNING: Dynamic loading of agents will be disallowed by default in a future release
]]></system-err>
  </testcase>
  <testcase name="deveAdicionarUsuarioComSucesso" classname="com.flash.editorimagem.UsuarioControllerIntegrationTest" time="0.17"/>
</testsuite>